0.551888 112
1.514405 1
0.252687 1
0.133883 1
0.140821 1
0.498075 1
0.105753 1
0.024859 1
0.265961 1
0.936714 1
0.540460 4
0.132122 1
0.318867 3
0.748980 2
0.195922 112
0.601414 1
0.107233 1
0.212004 1
0.155856 5
1.013133 2
0.003307 44
0.000273 44
0.000065 59
0.000140 44
0.000036 44
0.000094 41
0.000086 47
0.000044 47
0.000023 9
0.000008 20
0.000012 1
0.000010 12
0.000021 55
0.000031 9
0.000020 41
0.000036 44
0.000038 9
1.000201 112
1.722869 1
0.261888 1
0.063771 1
0.057615 1
0.121242 2
0.000195 6
