0.549483 112
0.775515 1
0.306562 1
0.131976 1
0.156996 1
0.179558 1
0.170363 1
0.673209 1
0.566348 1
0.235175 1
0.191609 1
0.265793 1
0.859495 2
0.204661 112
0.919917 1
0.120734 1
0.154809 1
0.153426 5
0.168346 2
1.039813 49
1.005238 32
0.000569 112
1.815251 1
0.170066 1
0.158557 1
0.073953 1
0.282503 1
0.885329 1
0.883670 1
1.090271 8
1.660229 1
0.281927 1
0.106650 1
0.129496 1
0.120444 1
0.131314 1
0.134252 1
0.123248 1
1.115877 21
0.118998 21
0.114177 19
1.371646 2
0.003423 99
0.000300 112
7.651331 1
0.273177 1
0.074753 1
0.063947 1
0.544763 8
