0.669621 112
3.498420 1
0.152340 1
0.144799 1
0.071083 1
0.501054 1
0.374960 1
0.325455 1
0.293472 1
0.376415 1
0.427534 1
0.298977 2
0.003998 81
0.000070 69
0.000013 25
0.000372 146
0.000512 2
0.000076 2
0.000351 1558
0.000273 573
0.001094 112
1.914231 1
0.295200 1
0.154701 1
0.133781 1
0.169903 1
1.293831 1
0.081499 1
0.121803 1
0.376091 1
0.192491 2
0.003153 75
0.000179 2
0.000399 63
0.000079 2
0.000127 23
0.000087 2
0.001088 112
4.303198 9
0.875863 1
0.288597 1
0.829880 1
0.112226 1
0.791730 9
1.699380 2
0.339688 112
1.487285 1
0.000243 1
0.278414 1
0.002350 5
0.654387 2
0.003482 49
4.031208 1
0.542098 2
0.034619 1
0.039583 1
0.041335 1
0.042899 1
0.041472 1
0.948181 1
0.202614 1
0.035414 1
0.141525 1
0.626796 2
0.001778 85
0.000367 66
2.104036 1
3.309570 1
1.254768 1
0.130958 1
0.883573 1
1.557683 3
0.370236 1
0.521585 2
0.000699 150
8.643814 1
1.341196 1
0.254552 1
0.700040 1
0.164140 1
0.533101 51
0.000102 36
0.000399 67
2.526669 1
0.213749 1
0.283663 1
0.831237 1
0.448389 51
0.000115 34
0.000037 2
0.000168 9
0.000028 2
0.000239 49
3.194995 1
0.265380 1
0.192397 1
0.227251 49
0.000187 98
2.430732 1
0.583320 1
0.767481 1
0.256097 2
0.000250 49
0.000044 36
0.000076 12
0.000205 49
1.800129 1
0.655184 1
0.151848 1
0.201635 1
0.196866 1
0.279696 1
0.357086 51
0.000073 36
0.000060 11
0.000211 49
4.498234 2
0.400043 114
0.866340 1
0.677083 1
0.167994 1
0.952609 4
0.226258 1
0.063589 1
0.153887 8
