0.625309 112
4.146051 1
0.090224 1
0.191437 1
0.076755 1
0.280544 1
0.196703 1
0.638689 1
0.477351 1
0.214719 1
1.140478 1
0.214654 2
0.003882 1018
0.004727 136
3.537955 1
0.318637 1
0.129292 1
0.151016 1
0.151834 1
0.996895 1
0.306719 1
0.265978 1
0.110309 1
0.191434 2
0.006288 77
0.000677 63
0.000025 2
0.000088 25
0.000927 112
2.639330 9
0.213526 1
0.292190 1
0.144094 1
0.730609 1
0.150586 9
0.233818 2
0.220865 112
1.245883 1
0.131353 1
0.151970 1
0.186278 5
3.086542 2
0.005597 112
1.868757 8
1.432777 1
0.059133 1
0.086632 1
1.006486 1
0.211389 1
1.025822 1
1.612008 1
0.133848 1
0.188897 1
0.087112 1
0.637067 1
0.145704 1
1.015307 1
0.463103 1
0.249891 1
0.233465 1
1.320749 1
1.291724 1
0.112092 1
2.024647 2
0.002568 38
0.007840 9
0.000622 2
0.000562 50
0.000072 2
0.000079 52
0.000061 2
0.002409 111
0.000552 2
0.000042 226
0.000033 226
0.000096 386
0.002408 43
0.004433 61
0.000044 161
0.000011 3
0.000005 23
0.000005 2
0.000005 1
0.000004 17
0.000005 2
0.000005 2
0.000009 91
0.000012 3
0.000007 12
0.000007 2
0.000007 3
0.000006 2
0.000006 72
0.000005 2
0.000004 1
0.000005 15
0.000005 2
0.000004 2
0.000152 179
0.000012 1
0.000010 1
0.000014 32
0.000034 2
0.000011 2
0.000008 1
0.000009 2
0.000009 2
0.000008 32
0.000009 2
0.000009 1
0.000008 2
0.000009 1
0.000008 23
0.000249 20
0.000202 124
0.000029 21
0.000250 115
0.006719 42
0.045897 27
0.000236 2
0.000393 28
0.000112 2
0.006177 29
0.000176 2
0.000247 26
0.000057 2
0.161146 112
6.440970 1
2.951660 1
0.073395 1
0.100813 1
0.141670 2
0.000138 6
