0.646788 118
1.408454 1
0.060310 1
0.129721 1
0.197205 1
1.389677 1
0.374501 1
0.101597 1
1.856688 1
0.605150 1
3.555370 1
0.303272 11
1.426388 2
0.004934 57
0.000752 118
5.015786 1
0.276495 1
0.155422 1
0.120829 1
2.358932 1
0.478936 1
0.332045 1
0.076338 1
0.270433 10
4.108282 1
1.176565 1
0.140659 1
1.098801 1
0.060430 1
0.234868 1
0.071287 1
0.293206 1
0.460690 4
0.597747 1
0.066233 1
0.128202 1
0.134580 1
2.400441 2
0.209097 118
8.097024 1
0.235545 1
1.108801 1
0.041054 1
0.162801 7
2.257544 1
0.468893 1
0.370323 1
1.649234 1
0.084013 1
0.231685 10
2.265582 2
0.158268 27
0.000151 2
0.000949 118
5.595853 1
0.912287 1
0.051190 1
0.143815 1
0.226251 8
