0.996722 118
2.898793 1
0.365944 1
0.149201 1
0.178458 1
0.985351 1
0.447271 1
0.383157 1
0.376819 8
1.622539 1
0.419599 1
0.113913 1
0.263069 1
0.333122 1
0.144885 1
0.254855 2
0.142814 1
2.007855 2
0.250287 118
0.977553 1
0.143819 1
0.314711 1
0.303183 1
0.125117 1
0.122366 4
1.846436 1
0.043127 1
0.199610 1
0.060698 1
0.663223 1
0.956617 1
0.332392 1
0.055912 1
0.220683 1
0.090436 1
1.316553 1
0.167016 1
1.727256 1
0.030016 1
0.186537 1
0.240302 1
0.054751 1
0.251531 1
0.324914 1
1.190936 4
1.561434 1
0.210984 1
0.715603 1
0.039665 1
0.271938 1
1.680336 1
4.763126 2
0.056217 32
0.021251 2
0.001351 118
8.100443 1
0.069138 1
0.081557 1
0.203951 1
0.214236 1
0.355288 2
0.008719 10
0.000183 465
0.000028 116
0.000169 240
0.000924 118
1.482959 1
0.111667 1
0.204890 1
0.092473 1
0.418975 1
0.118462 1
1.308098 1
0.104433 1
0.699558 4
0.192278 4
0.605656 1
1.821085 1
0.099568 1
0.183738 8
1.015464 2
0.003501 32
0.000894 118
3.928738 1
0.284128 1
0.069205 1
0.120117 1
1.123861 8
