0.796116 118
1.852753 1
0.531984 1
0.190564 1
0.676206 1
0.565765 1
0.336975 1
1.233101 1
0.217986 12
2.383270 1
0.674695 1
0.117952 1
1.050907 1
0.268908 1
0.125793 1
0.233964 1
0.082122 1
0.123059 1
0.608418 1
0.186311 1
0.149100 1
2.600082 1
2.444422 2
0.019701 38
0.002764 58
0.000611 21
0.000071 2
0.001002 118
2.149308 31
0.966803 31
0.529015 3
0.140811 3
0.546222 5
1.833822 2
0.223272 118
2.158030 1
0.153957 1
0.222013 1
0.360394 1
0.110720 1
0.141196 8
2.567398 1
0.038795 1
0.215692 1
0.101346 1
0.767212 1
0.309494 1
0.234571 1
0.082754 1
0.219977 1
0.538654 1
0.345929 1
0.508970 1
0.942671 1
0.096018 1
0.417196 1
0.222359 1
0.052814 1
0.185698 1
0.137927 1
0.854026 1
1.187288 1
0.895422 1
0.509651 3
0.793815 1
5.608665 2
0.039711 13
0.000179 2
0.000059 13
0.000047 2
0.013115 2
0.000742 118
2.265601 1
0.090286 1
0.196448 1
0.124662 1
0.677662 1
0.062797 1
0.181723 1
0.196326 1
0.047103 1
0.189397 8
0.969243 2
0.002092 13
0.000099 2
0.000182 13
0.000698 2
0.000235 118
2.489337 1
0.220982 1
0.070060 1
0.099325 1
0.131289 2
0.000239 6
