1.279267 112
3.265364 1
0.120235 1
0.196287 1
0.078115 1
0.231326 1
0.187227 1
0.773026 1
0.454964 1
0.189300 1
1.831086 2
0.003789 9
0.000137 29
0.000440 112
2.883739 8
0.737081 1
1.785907 1
0.682411 1
0.259151 1
2.975068 4
0.136228 2
0.964403 2
0.004016 41
0.000051 56
0.000009 2
0.000016 185
0.000019 149
0.000012 191
0.000011 226
0.000009 58
0.000549 112
7.836122 1
0.343770 1
0.146217 1
0.189581 1
0.397342 1
0.233415 1
0.633514 1
0.478768 1
0.450154 1
0.778577 1
0.337446 1
0.257589 1
0.340900 2
0.169006 112
1.470337 1
0.125481 1
0.142840 1
0.164700 5
1.408918 2
0.004213 19
0.000027 2
0.013745 112
5.769190 1
0.154835 1
0.266134 1
0.046980 1
0.315577 1
0.040892 1
0.202673 1
0.128383 1
0.114942 8
1.051415 2
0.001904 141
0.000576 112
1.494860 1
0.130339 1
0.438450 1
0.134695 1
0.203063 1
0.169271 2
0.005143 10
0.000185 355
0.000667 112
0.892581 1
0.107519 1
0.111998 1
0.897236 1
0.017559 1
0.327418 1
0.083605 1
0.574470 8
1.259815 2
0.014834 112
0.890834 1
0.143559 1
0.141420 1
0.173760 5
0.743017 2
0.022121 7
0.000117 5
0.000092 2
0.000690 5
0.000032 2
0.035496 112
1.416717 1
0.153047 1
0.161580 1
0.110130 1
0.256509 1
0.039116 1
0.192557 1
0.154287 1
0.103875 8
0.727912 2
0.004010 141
0.000793 112
2.027714 1
0.392748 1
0.083848 1
0.097256 1
0.278708 2
0.000191 6
