0.519854 112
2.266766 1
0.217421 1
0.903661 1
0.051720 1
1.569736 1
0.222286 1
1.282042 1
0.326805 1
1.249922 1
0.604584 2
0.930782 2
0.002729 687
0.000048 673
0.000578 112
2.713016 1
0.473440 1
1.201081 1
0.782388 1
0.215577 1
0.174713 1
0.717078 1
0.314843 1
0.600691 1
0.858715 1
0.221830 1
0.199870 1
0.775434 2
0.140248 112
2.030111 1
0.139584 1
0.621118 1
0.200382 5
0.853684 2
0.006589 40
0.000410 61
0.000068 61
0.000121 61
0.000258 62
1.000549 112
0.000310 83
3.000256 58
5.085386 2
0.000296 112
4.047204 1
1.689846 1
0.073455 1
0.137518 1
26.435811 2
0.000243 6
