0.636050 112
1.081856 1
0.224402 1
0.183272 1
0.110382 1
0.439276 1
0.220659 1
0.537146 1
0.377283 1
0.277622 1
0.181503 1
0.206273 1
1.031505 2
0.003215 435
0.000571 112
1.674497 1
0.477246 1
0.131702 1
0.211864 1
0.247148 1
0.698357 1
0.286215 1
0.291947 1
0.153517 1
0.197235 1
1.669379 1
0.125443 1
0.119190 1
0.120697 1
1.064069 9
0.558742 12
0.255950 2
0.197879 112
1.421356 1
0.110246 1
0.164586 1
0.154566 5
0.994136 2
0.005070 10
0.000384 135
0.000056 14
0.000027 26
0.000178 2
0.000140 23
0.000120 2
0.000110 26
0.000093 18
0.000014 2
0.000048 178
0.000034 57
0.000032 149
0.000024 72
0.000029 125
0.000027 127
0.000029 130
0.000029 130
0.000030 130
0.000023 104
0.000508 49
0.000940 112
5.205062 1
0.225190 1
0.080265 1
0.060393 1
0.112904 2
0.000171 6
