0.681262 112
2.203342 1
0.274751 1
0.233080 1
0.124521 1
0.779840 1
0.327480 1
0.679038 1
0.305896 1
0.252977 1
0.265025 1
0.236499 1
0.910290 2
0.003081 652
0.000039 348
0.000038 741
0.000598 112
0.635769 1
0.752784 1
1.137520 1
0.600607 1
0.304497 1
0.264319 1
0.674031 1
0.353577 1
0.256072 1
0.222135 1
0.583504 1
0.991749 2
0.210094 112
1.683060 1
0.131246 1
10.903171 1
0.224987 5
1.765923 2
0.008432 81
1.000364 5
0.999999 5
1.000254 5
1.000284 5
1.000096 5
1.000162 5
0.210329 2
0.000033 48
1.000176 5
1.000218 6
0.148682 2
0.000054 49
1.000140 6
0.339727 2
0.660492 6
1.000207 6
1.000146 6
1.002226 22
0.998370 79
0.000792 77
0.000038 43
1.000551 79
1.000221 79
1.000167 79
1.000149 79
1.000219 79
1.000233 79
1.000165 79
1.000173 36
0.000059 43
1.000103 79
1.000195 79
1.000236 79
1.000234 79
1.000258 79
3.001354 112
4.934493 1
0.780242 1
0.113643 1
0.110799 1
0.114148 2
0.000166 6
