0.584879 112
0.713348 1
0.396359 1
0.262582 1
0.101607 1
0.265720 1
0.286291 1
0.869803 1
0.387990 1
0.327410 1
0.802322 1
1.218222 2
0.002598 188
0.000028 380
0.000016 255
0.000018 3
0.000445 112
2.619046 1
0.336034 1
0.140715 1
0.154890 1
0.231924 1
0.198889 1
0.673443 1
0.335088 1
0.306796 1
0.121292 1
0.247191 1
0.110449 2
0.137749 112
1.153792 1
0.129142 1
0.184899 1
0.176572 5
2.106695 2
0.003714 16
0.000777 112
2.098620 1
0.145555 1
0.142133 1
0.182573 5
1.571689 1
0.122709 2
0.002322 28
0.000147 29
5.000544 11
0.001349 112
6.421657 1
0.265249 1
0.094845 1
0.088086 1
0.119858 2
0.000289 6
