0.417695 112
1.885954 1
0.275127 1
0.161865 1
0.138572 1
0.187874 1
0.191988 1
1.923616 4
0.131559 4
2.269682 1
0.189770 1
0.174939 1
0.853706 1
0.375241 1
0.211819 1
0.134653 1
0.244172 1
0.647603 2
0.191007 112
1.056850 1
0.143697 1
0.326819 1
0.002898 5
1.643809 2
0.004822 23
0.000239 112
11.399529 1
0.438585 1
0.084559 1
0.283664 1
0.080326 1
0.073640 1
0.423307 1
0.202679 1
1.244844 1
0.060519 1
0.264299 1
0.080561 1
2.772557 1
0.174989 1
0.354145 1
0.039617 1
0.084443 1
0.200852 2
0.090126 46
0.000187 2
0.000644 112
1.073995 1
0.166626 1
0.224862 1
0.099079 1
0.169035 1
3.640019 5
1.491483 1
0.141954 1
0.125836 1
0.120296 1
0.870294 1
0.782178 11
0.375956 11
0.081996 11
0.262089 2
0.000385 112
1.765897 13
0.282289 30
0.911807 2
0.087305 112
1.590295 1
0.387924 1
0.131540 1
0.163465 1
1.101422 1
1.427247 1
0.181455 1
0.479742 1
0.475923 1
0.222580 1
0.169615 1
0.162263 1
0.817834 2
0.206555 112
1.076843 1
0.144254 1
0.182167 1
0.174404 5
0.953143 2
1.003895 19
22.696524 2
1.428778 2
0.000526 2
0.000281 112
2.537522 8
0.132868 26
1.261970 29
1.420098 2
0.092161 112
18.937336 17
0.140218 29
1.079735 26
1.326014 1
0.126136 1
0.110198 1
1.620007 5
0.128461 5
0.205215 2
0.178156 112
1.894682 1
0.134027 1
0.179437 1
0.169358 5
0.209209 2
0.004018 18
0.000080 23
0.000231 112
61.961346 1
0.252121 1
0.093988 1
0.101533 1
0.110139 2
0.000155 6
