0.425582 112
1.003169 1
0.175539 1
0.208317 1
0.093737 1
0.415545 1
0.185796 1
0.800492 1
0.538038 1
0.286031 1
0.392874 2
1.073869 2
0.003104 515
0.000050 239
0.000650 112
3.623151 11
0.213320 19
1.037621 12
1.494851 26
1.158159 26
0.138585 16
0.122205 15
0.153623 14
1.028394 1
16.826064 1
0.302426 1
0.135842 1
0.148387 1
0.968192 1
0.173440 1
0.603847 1
0.728111 1
0.256026 1
0.357351 2
1.076004 2
0.253331 112
1.106749 1
0.119829 1
0.155141 1
0.157095 5
0.186970 2
0.003586 29
1.000250 29
1.000135 29
0.999783 75
3.000237 32
0.000052 29
1.000273 29
1.000199 29
0.999794 32
1.001267 112
5.875697 1
0.258112 1
0.084814 1
0.092896 1
0.103231 2
0.000158 6
