0.456907 118
1.072899 1
0.191824 1
0.128757 1
0.088480 1
0.528358 1
0.174612 1
1.160395 1
0.135605 1
0.174491 4
1.256759 1
0.135897 1
0.164968 1
0.874971 2
0.003585 18
0.000118 2
0.000099 779
0.001043 118
2.371963 1
0.287506 1
0.143872 1
0.104363 1
2.640674 1
0.200316 1
0.239548 1
0.184163 1
0.655852 1
0.071355 1
0.197068 2
1.283838 1
0.105081 1
0.180825 1
0.699491 2
0.268089 118
0.986041 1
0.128832 1
0.151799 1
0.161504 5
0.725839 2
0.003172 23
0.000166 22
0.000086 37
5.000710 100
0.000988 118
2.554874 1
0.232219 1
0.058044 1
0.095396 1
0.118463 2
0.000148 6
