0.493077 118
4.481107 1
0.875189 1
0.151443 1
0.224972 1
1.589783 4
0.132118 4
0.121695 4
0.141556 4
0.573782 1
0.156128 1
0.065568 1
0.080348 1
1.623697 1
0.164491 1
0.343754 1
0.083655 1
0.734282 2
1.611312 1
0.091554 2
0.983851 2
0.004215 274
0.000065 93
0.001160 118
4.106668 1
0.262318 1
0.174334 1
0.085071 1
1.386367 1
0.238439 1
1.330490 1
0.133539 1
0.121048 1
0.662164 1
0.548962 1
0.277553 1
0.155341 1
1.890262 2
0.103097 118
1.096595 1
0.156073 1
0.300841 1
0.171119 5
6.899861 1
0.327085 1
0.135203 1
1.749973 1
0.046955 1
0.103861 1
0.139576 1
1.167622 1
0.215992 1
0.182723 1
5.225693 2
0.004339 43
0.000031 19
0.000039 2
0.000035 33
0.000010 2
0.000034 1
0.000010 2
0.000032 1
0.000011 10
0.000011 2
0.000012 1
0.000032 6
0.000009 2
0.000030 1
0.000012 14
0.000009 2
0.000076 2
0.000124 46
0.000083 131
0.000038 26
0.000033 21
0.001107 118
23.100858 1
0.305575 1
0.094442 1
0.106820 1
0.127631 2
0.000164 6
