0.572819 118
3.133189 1
0.071917 1
0.078857 1
0.048634 1
0.136588 1
0.224049 1
0.263876 1
0.128031 1
0.218060 2
0.574009 242
0.000056 251
0.000017 43
0.000091 51
0.000408 65
0.119404 33
0.208840 33
0.090167 33
0.083226 33
0.061346 33
0.000308 38
0.126767 96
0.119757 27
0.240174 14
0.205087 95
0.002521 118
0.845963 1
0.367876 1
0.119990 1
0.121166 1
0.767007 1
0.159911 1
0.943455 1
0.368510 1
0.249733 1
1.213421 1
0.239920 1
0.198561 1
1.467189 1
0.023208 1
1.296084 1
0.192004 1
0.040033 1
0.624278 1
0.047312 1
0.344224 1
0.216226 1
0.224250 1
0.063590 1
0.888612 1
0.509541 1
0.030008 1
0.028960 1
0.030440 1
0.040921 1
0.029081 1
0.031020 1
0.040183 1
0.030290 1
0.029908 1
0.029532 1
1.154318 27
1.647702 25
0.200116 25
2.999042 2
0.171980 118
0.974151 1
0.063922 1
0.112002 1
0.086879 1
0.720134 1
0.167439 1
0.760358 1
0.503210 1
0.198423 1
0.794723 1
0.175977 1
0.543105 1
0.736269 2
0.003079 291
0.000024 108
0.000017 107
0.000014 114
0.000011 147
0.000020 62
0.000020 80
0.000012 40
0.000012 32
0.000014 61
0.000014 39
0.000008 2
0.000547 118
1.628445 11
0.104577 36
1.231460 2
0.210895 118
2.861429 1
0.120510 1
0.207194 1
0.040198 1
0.256549 1
0.329129 1
1.678670 4
0.057369 1
0.158946 1
0.063770 1
0.257179 7
0.919241 1
0.031975 1
0.311678 1
0.176466 1
1.255684 4
0.135944 1
0.144101 1
0.132438 5
1.603525 1
0.055196 1
0.272281 1
0.119827 1
2.432935 4
0.136131 4
0.127814 4
0.127852 4
0.976069 1
0.064291 1
0.183456 1
0.135752 1
0.068317 1
0.260393 1
0.056103 1
0.199650 1
0.360359 1
0.127332 1
0.208495 1
0.119860 1
1.567924 2
0.056030 118
1.096400 1
0.089240 1
0.102688 1
0.073206 1
0.182508 1
0.064306 1
0.151898 1
0.056517 1
0.213920 5
1.048763 2
0.002514 32
0.000606 118
1.533988 1
0.063695 1
0.128810 1
0.064503 1
0.584669 1
0.038498 1
0.231620 1
0.143649 1
0.104614 1
0.881433 3
1.206305 1
0.181356 5
0.865967 2
0.002272 32
0.000343 118
2.366227 1
0.224433 1
0.039566 1
0.111422 1
0.120351 2
0.000126 6
