0.582676 118
1.786157 1
2.093706 4
0.593606 1
0.089558 1
0.135256 1
0.020998 1
0.076768 1
0.577942 4
0.081564 1
0.179809 1
0.543224 1
0.406107 1
1.090151 4
0.121264 4
0.141440 4
0.117255 4
0.843993 4
0.128053 4
0.133482 1
0.060505 1
0.628702 1
0.195717 1
0.599553 1
0.335120 1
0.813303 1
0.079845 1
0.181080 1
0.368327 2
0.002396 317
0.000037 146
0.000063 469
0.000526 118
1.185111 1
0.323316 1
0.143765 1
0.114788 1
0.158681 1
0.150903 1
0.662492 1
0.343338 1
1.622849 1
0.070440 1
0.278416 1
0.316278 2
0.262030 118
1.136680 1
0.121450 1
1.110740 1
0.145824 5
1.042394 2
0.004232 39
0.000395 57
0.000111 57
1.000853 114
1.000304 118
4.017716 1
1.182243 1
0.064458 1
0.097336 1
4.740365 2
0.000196 6
